<?xml version="1.0" encoding="UTF-8"?>
<testng-results ignored="0" total="1" passed="1" failed="0" skipped="0">
  <reporter-output>
  </reporter-output>
  <suite started-at="2019-09-24T13:03:53Z" name="com.qa.testcases.LoginTestCase" finished-at="2019-09-24T13:04:45Z" duration-ms="51613">
    <groups>
    </groups>
    <test started-at="2019-09-24T13:03:53Z" name="Command line test" finished-at="2019-09-24T13:04:45Z" duration-ms="51613">
      <class name="com.qa.testcases.LoginTestCase">
        <test-method is-config="true" signature="setup()[pri:0, instance:com.qa.testcases.LoginTestCase@1e802ef9]" started-at="2019-09-24T18:33:53Z" name="setup" finished-at="2019-09-24T18:34:28Z" duration-ms="34513" status="PASS">
          <reporter-output>
          </reporter-output>
        </test-method> <!-- setup -->
        <test-method signature="testCase1()[pri:0, instance:com.qa.testcases.LoginTestCase@1e802ef9]" started-at="2019-09-24T18:34:28Z" name="testCase1" finished-at="2019-09-24T18:34:44Z" duration-ms="16323" status="PASS">
          <reporter-output>
          </reporter-output>
        </test-method> <!-- testCase1 -->
        <test-method is-config="true" signature="quit()[pri:0, instance:com.qa.testcases.LoginTestCase@1e802ef9]" started-at="2019-09-24T18:34:44Z" name="quit" finished-at="2019-09-24T18:34:45Z" duration-ms="759" status="PASS">
          <reporter-output>
          </reporter-output>
        </test-method> <!-- quit -->
      </class> <!-- com.qa.testcases.LoginTestCase -->
    </test> <!-- Command line test -->
  </suite> <!-- com.qa.testcases.LoginTestCase -->
</testng-results>
