<?xml version="1.0" encoding="UTF-8"?>
<testng-results skipped="0" failed="0" total="1" passed="1">
  <reporter-output>
  </reporter-output>
  <suite name="Suite" duration-ms="52356" started-at="2019-09-24T13:02:04Z" finished-at="2019-09-24T13:02:56Z">
    <groups>
    </groups>
    <test name="Test" duration-ms="52356" started-at="2019-09-24T13:02:04Z" finished-at="2019-09-24T13:02:56Z">
      <class name="com.qa.testcases.LoginTestCase">
        <test-method status="PASS" signature="setup()[pri:0, instance:com.qa.testcases.LoginTestCase@6bf256fa]" name="setup" is-config="true" duration-ms="36459" started-at="2019-09-24T18:32:04Z" finished-at="2019-09-24T18:32:40Z">
          <reporter-output>
          </reporter-output>
        </test-method> <!-- setup -->
        <test-method status="PASS" signature="testCase1()[pri:0, instance:com.qa.testcases.LoginTestCase@6bf256fa]" name="testCase1" duration-ms="15125" started-at="2019-09-24T18:32:40Z" finished-at="2019-09-24T18:32:56Z">
          <reporter-output>
          </reporter-output>
        </test-method> <!-- testCase1 -->
        <test-method status="PASS" signature="quit()[pri:0, instance:com.qa.testcases.LoginTestCase@6bf256fa]" name="quit" is-config="true" duration-ms="744" started-at="2019-09-24T18:32:56Z" finished-at="2019-09-24T18:32:56Z">
          <reporter-output>
          </reporter-output>
        </test-method> <!-- quit -->
      </class> <!-- com.qa.testcases.LoginTestCase -->
    </test> <!-- Test -->
  </suite> <!-- Suite -->
</testng-results>
